<?xml version="1.0" encoding="UTF-8"?>
<!-- Generated by org.testng.reporters.JUnitReportReporter -->
<testsuite hostname="DESKTOP-HAKIM" failures="0" tests="3" name="tests.LoginPageTests" time="3.214" errors="0" timestamp="2022-11-15T02:26:13 EET" skipped="0">
  <testcase classname="tests.LoginPageTests" name="VerifyFailedLoginUsingWrongEmail" time="1.091"/>
  <system-out/>
  <testcase classname="tests.LoginPageTests" name="VerifyLoginSuccessfully" time="1.211"/>
  <system-out/>
  <testcase classname="tests.LoginPageTests" name="VerifyFailedLoginUsingWrongPassword" time="0.912"/>
  <system-out/>
</testsuite> <!-- tests.LoginPageTests -->
