<?xml version="1.0" encoding="UTF-8"?>
<!-- Generated by org.testng.reporters.JUnitReportReporter -->
<testsuite hostname="DESKTOP-HAKIM" failures="0" tests="3" name="tests.LoginPageTests" time="2.845" errors="0" timestamp="2022-11-15T00:15:31 EET" skipped="0">
  <testcase classname="tests.LoginPageTests" name="VerifyFailedLoginUsingWrongEmail" time="0.993"/>
  <system-out/>
  <testcase classname="tests.LoginPageTests" name="VerifyLoginSuccessfully" time="1.052"/>
  <system-out/>
  <testcase classname="tests.LoginPageTests" name="VerifyFailedLoginUsingWrongPassword" time="0.800"/>
  <system-out/>
</testsuite> <!-- tests.LoginPageTests -->
