<?xml version="1.0" encoding="UTF-8"?>
<!-- Generated by org.testng.reporters.JUnitReportReporter -->
<testsuite hostname="DESKTOP-HAKIM" failures="0" tests="1" name="tests.RegistrationTests" time="3.614" errors="0" timestamp="2022-11-15T22:06:58 EET" skipped="0">
  <testcase classname="tests.RegistrationTests" name="RegistrationSuccessfully" time="3.614"/>
  <system-out/>
</testsuite> <!-- tests.RegistrationTests -->
