<?xml version="1.0" encoding="UTF-8"?>
<!-- Generated by org.testng.reporters.JUnitReportReporter -->
<testsuite hostname="DESKTOP-HAKIM" failures="0" tests="1" name="base.TestBase" time="7.200" errors="0" timestamp="2022-11-04T11:23:13 EET" skipped="0">
  <testcase classname="base.TestBase" name="test" time="7.200"/>
  <system-out/>
</testsuite> <!-- base.TestBase -->
